[000001] 1 [     1 - request] map["url":"https://666java.com"] (56.209µs)
[000002] 1 [     1 - response] map["status":"OK" "url":"https://666java.com"] (1.11937925s)
[000003] 1 [     1 - html] map["selector":"a[href]" "url":"https://666java.com"] (1.122522625s)
[000004] 1 [     1 - html] map["selector":"a[href]" "url":"https://666java.com"] (1.1227285s)
[000005] 1 [     2 - request] map["url":"https://666java.com/11132.html"] (1.122749792s)
[000006] 1 [     2 - response] map["status":"OK" "url":"https://666java.com/11132.html"] (4.140937959s)
[000007] 1 [     2 - html] map["selector":"a[href]" "url":"https://666java.com/11132.html"] (4.142402084s)
[000008] 1 [     2 - html] map["selector":"a[href]" "url":"https://666java.com/11132.html"] (4.143933709s)
[000009] 1 [     2 - html] map["selector":"a[href]" "url":"https://666java.com/11132.html"] (4.144017292s)
[000010] 1 [     2 - html] map["selector":"a[href]" "url":"https://666java.com/11132.html"] (4.144047834s)
[000011] 1 [     2 - html] map["selector":"a[href]" "url":"https://666java.com/11132.html"] (4.145434459s)
[000012] 1 [     2 - html] map["selector":"a[href]" "url":"https://666java.com/11132.html"] (4.145479959s)
[000013] 1 [     2 - html] map["selector":"a[href]" "url":"https://666java.com/11132.html"] (4.145511834s)
[000014] 1 [     2 - html] map["selector":"a[href]" "url":"https://666java.com/11132.html"] (4.145637959s)
[000015] 1 [     2 - html] map["selector":"a[href]" "url":"https://666java.com/11132.html"] (4.145660875s)
[000016] 1 [     2 - html] map["selector":"a[href]" "url":"https://666java.com/11132.html"] (4.14567975s)
[000017] 1 [     2 - html] map["selector":"a[href]" "url":"https://666java.com/11132.html"] (4.145704334s)
[000018] 1 [     2 - html] map["selector":"a[href]" "url":"https://666java.com/11132.html"] (4.145724584s)
[000019] 1 [     2 - html] map["selector":"a[href]" "url":"https://666java.com/11132.html"] (4.145743209s)
[000020] 1 [     2 - html] map["selector":"a[href]" "url":"https://666java.com/11132.html"] (4.145761417s)
[000021] 1 [     2 - html] map["selector":"a[href]" "url":"https://666java.com/11132.html"] (4.145778709s)
[000022] 1 [     2 - html] map["selector":"a[href]" "url":"https://666java.com/11132.html"] (4.1457955s)
[000023] 1 [     2 - html] map["selector":"a[href]" "url":"https://666java.com/11132.html"] (4.14581475s)
[000024] 1 [     2 - html] map["selector":"a[href]" "url":"https://666java.com/11132.html"] (4.145832459s)
[000025] 1 [     2 - html] map["selector":"a[href]" "url":"https://666java.com/11132.html"] (4.145848917s)
[000026] 1 [     2 - html] map["selector":"a[href]" "url":"https://666java.com/11132.html"] (4.145866917s)
[000027] 1 [     2 - html] map["selector":"a[href]" "url":"https://666java.com/11132.html"] (4.145884209s)
[000028] 1 [     2 - html] map["selector":"a[href]" "url":"https://666java.com/11132.html"] (4.145902209s)
[000029] 1 [     2 - html] map["selector":"a[href]" "url":"https://666java.com/11132.html"] (4.145921542s)
[000030] 1 [     2 - html] map["selector":"a[href]" "url":"https://666java.com/11132.html"] (4.145944417s)
[000031] 1 [     2 - html] map["selector":"a[href]" "url":"https://666java.com/11132.html"] (4.145965834s)
[000032] 1 [     2 - html] map["selector":"a[href]" "url":"https://666java.com/11132.html"] (4.145999667s)
[000033] 1 [     2 - html] map["selector":"a[href]" "url":"https://666java.com/11132.html"] (4.146022167s)
[000034] 1 [     2 - html] map["selector":"a[href]" "url":"https://666java.com/11132.html"] (4.146047625s)
[000035] 1 [     2 - html] map["selector":"a[href]" "url":"https://666java.com/11132.html"] (4.146081209s)
[000036] 1 [     2 - html] map["selector":"a[href]" "url":"https://666java.com/11132.html"] (4.146103334s)
[000037] 1 [     2 - html] map["selector":"a[href]" "url":"https://666java.com/11132.html"] (4.146123167s)
[000038] 1 [     2 - html] map["selector":"a[href]" "url":"https://666java.com/11132.html"] (4.146145834s)
[000039] 1 [     2 - html] map["selector":"a[href]" "url":"https://666java.com/11132.html"] (4.1461685s)
[000040] 1 [     2 - html] map["selector":"a[href]" "url":"https://666java.com/11132.html"] (4.146190875s)
[000041] 1 [     2 - html] map["selector":"a[href]" "url":"https://666java.com/11132.html"] (4.1462475s)
[000042] 1 [     2 - html] map["selector":"a[href]" "url":"https://666java.com/11132.html"] (4.146265584s)
[000043] 1 [     2 - html] map["selector":"a[href]" "url":"https://666java.com/11132.html"] (4.146285959s)
[000044] 1 [     2 - html] map["selector":"a[href]" "url":"https://666java.com/11132.html"] (4.146363292s)
[000045] 1 [     2 - html] map["selector":"a[href]" "url":"https://666java.com/11132.html"] (4.146402959s)
[000046] 1 [     2 - html] map["selector":"a[href]" "url":"https://666java.com/11132.html"] (4.146431125s)
[000047] 1 [     2 - html] map["selector":"a[href]" "url":"https://666java.com/11132.html"] (4.146449584s)
[000048] 1 [     2 - html] map["selector":"a[href]" "url":"https://666java.com/11132.html"] (4.146470375s)
[000049] 1 [     2 - html] map["selector":"a[href]" "url":"https://666java.com/11132.html"] (4.146491917s)
[000050] 1 [     2 - html] map["selector":"a[href]" "url":"https://666java.com/11132.html"] (4.146510834s)
[000051] 1 [     2 - html] map["selector":"a[href]" "url":"https://666java.com/11132.html"] (4.146528709s)
[000052] 1 [     2 - html] map["selector":"a[href]" "url":"https://666java.com/11132.html"] (4.146546875s)
[000053] 1 [     2 - html] map["selector":"a[href]" "url":"https://666java.com/11132.html"] (4.146565125s)
[000054] 1 [     2 - html] map["selector":"a[href]" "url":"https://666java.com/11132.html"] (4.146583417s)
[000055] 1 [     2 - html] map["selector":"a[href]" "url":"https://666java.com/11132.html"] (4.146610209s)
[000056] 1 [     2 - html] map["selector":"a[href]" "url":"https://666java.com/11132.html"] (4.146629792s)
[000057] 1 [     2 - html] map["selector":"a[href]" "url":"https://666java.com/11132.html"] (4.146649209s)
[000058] 1 [     2 - html] map["selector":"a[href]" "url":"https://666java.com/11132.html"] (4.146667125s)
[000059] 1 [     2 - html] map["selector":"a[href]" "url":"https://666java.com/11132.html"] (4.146684792s)
[000060] 1 [     2 - html] map["selector":"a[href]" "url":"https://666java.com/11132.html"] (4.146702834s)
[000061] 1 [     2 - html] map["selector":"a[href]" "url":"https://666java.com/11132.html"] (4.146721042s)
[000062] 1 [     2 - html] map["selector":"a[href]" "url":"https://666java.com/11132.html"] (4.147117042s)
[000063] 1 [     2 - html] map["selector":"a[href]" "url":"https://666java.com/11132.html"] (4.147144709s)
[000064] 1 [     2 - html] map["selector":"a[href]" "url":"https://666java.com/11132.html"] (4.147165542s)
[000065] 1 [     2 - html] map["selector":"a[href]" "url":"https://666java.com/11132.html"] (4.14718575s)
[000066] 1 [     2 - html] map["selector":"a[href]" "url":"https://666java.com/11132.html"] (4.147204917s)
[000067] 1 [     2 - html] map["selector":"a[href]" "url":"https://666java.com/11132.html"] (4.147224375s)
[000068] 1 [     2 - html] map["selector":"a[href]" "url":"https://666java.com/11132.html"] (4.147241584s)
[000069] 1 [     2 - html] map["selector":"a[href]" "url":"https://666java.com/11132.html"] (4.147260667s)
[000070] 1 [     2 - html] map["selector":"a[href]" "url":"https://666java.com/11132.html"] (4.147279167s)
[000071] 1 [     2 - html] map["selector":"a[href]" "url":"https://666java.com/11132.html"] (4.147297292s)
[000072] 1 [     2 - html] map["selector":"a[href]" "url":"https://666java.com/11132.html"] (4.147324209s)
[000073] 1 [     2 - html] map["selector":"a[href]" "url":"https://666java.com/11132.html"] (4.147346042s)
[000074] 1 [     2 - html] map["selector":"a[href]" "url":"https://666java.com/11132.html"] (4.147364417s)
[000075] 1 [     2 - html] map["selector":"a[href]" "url":"https://666java.com/11132.html"] (4.147381667s)
[000076] 1 [     2 - html] map["selector":"a[href]" "url":"https://666java.com/11132.html"] (4.147400375s)
[000077] 1 [     2 - html] map["selector":"a[href]" "url":"https://666java.com/11132.html"] (4.147417875s)
[000078] 1 [     2 - html] map["selector":"a[href]" "url":"https://666java.com/11132.html"] (4.147435209s)
[000079] 1 [     2 - html] map["selector":"a[href]" "url":"https://666java.com/11132.html"] (4.147476209s)
[000080] 1 [     2 - html] map["selector":"a[href]" "url":"https://666java.com/11132.html"] (4.147494209s)
[000081] 1 [     2 - html] map["selector":"a[href]" "url":"https://666java.com/11132.html"] (4.147513292s)
[000082] 1 [     2 - html] map["selector":"a[href]" "url":"https://666java.com/11132.html"] (4.147530875s)
[000083] 1 [     2 - html] map["selector":"a[href]" "url":"https://666java.com/11132.html"] (4.14754775s)
[000084] 1 [     2 - html] map["selector":"a[href]" "url":"https://666java.com/11132.html"] (4.147566875s)
[000085] 1 [     2 - html] map["selector":"a[href]" "url":"https://666java.com/11132.html"] (4.147584542s)
[000086] 1 [     2 - html] map["selector":"a[href]" "url":"https://666java.com/11132.html"] (4.147609084s)
[000087] 1 [     2 - html] map["selector":"a[href]" "url":"https://666java.com/11132.html"] (4.147626625s)
[000088] 1 [     2 - html] map["selector":"a[href]" "url":"https://666java.com/11132.html"] (4.147642625s)
[000089] 1 [     2 - html] map["selector":"a[href]" "url":"https://666java.com/11132.html"] (4.147657709s)
[000090] 1 [     2 - html] map["selector":"a[href]" "url":"https://666java.com/11132.html"] (4.147675292s)
[000091] 1 [     2 - html] map["selector":"a[href]" "url":"https://666java.com/11132.html"] (4.147692334s)
[000092] 1 [     2 - html] map["selector":"a[href]" "url":"https://666java.com/11132.html"] (4.147709542s)
[000093] 1 [     2 - html] map["selector":"a[href]" "url":"https://666java.com/11132.html"] (4.147730125s)
[000094] 1 [     2 - html] map["selector":"a[href]" "url":"https://666java.com/11132.html"] (4.14793325s)
[000095] 1 [     2 - html] map["selector":"a[href]" "url":"https://666java.com/11132.html"] (4.147960917s)
[000096] 1 [     2 - html] map["selector":"a[href]" "url":"https://666java.com/11132.html"] (4.147979417s)
[000097] 1 [     2 - html] map["selector":"a[href]" "url":"https://666java.com/11132.html"] (4.14799725s)
[000098] 1 [     2 - html] map["selector":"a[href]" "url":"https://666java.com/11132.html"] (4.14801275s)
[000099] 1 [     2 - scraped] map["url":"https://666java.com/11132.html"] (4.148029834s)
[000100] 1 [     1 - html] map["selector":"a[href]" "url":"https://666java.com"] (4.148046s)
[000101] 1 [     1 - html] map["selector":"a[href]" "url":"https://666java.com"] (4.148066334s)
[000102] 1 [     1 - html] map["selector":"a[href]" "url":"https://666java.com"] (4.148082167s)
[000103] 1 [     1 - html] map["selector":"a[href]" "url":"https://666java.com"] (4.148099834s)
[000104] 1 [     1 - html] map["selector":"a[href]" "url":"https://666java.com"] (4.148116334s)
[000105] 1 [     3 - request] map["url":"https://666java.com/"] (4.148138584s)
